<?xml version="1.0" encoding="UTF-8"?>
<testsuite name="com.simple.test.SimpleTestLuisSerratoApplicationTests" tests="1" skipped="0" failures="0" errors="0" timestamp="2020-08-24T22:47:22" hostname="BADAK-LUIS" time="0.19">
  <properties/>
  <testcase name="contextLoads" classname="com.simple.test.SimpleTestLuisSerratoApplicationTests" time="0.19"/>
  <system-out><![CDATA[17:47:19.020 [Test worker] DEBUG org.springframework.test.context.junit4.SpringJUnit4ClassRunner - SpringJUnit4ClassRunner constructor called with [class com.simple.test.SimpleTestLuisSerratoApplicationTests]
17:47:19.027 [Test worker] DEBUG org.springframework.test.context.BootstrapUtils - Instantiating CacheAwareContextLoaderDelegate from class [org.springframework.test.context.cache.DefaultCacheAwareContextLoaderDelegate]
17:47:19.037 [Test worker] DEBUG org.springframework.test.context.BootstrapUtils - Instantiating BootstrapContext using constructor [public org.springframework.test.context.support.DefaultBootstrapContext(java.lang.Class,org.springframework.test.context.CacheAwareContextLoaderDelegate)]
17:47:19.060 [Test worker] DEBUG org.springframework.test.context.BootstrapUtils - Instantiating TestContextBootstrapper for test class [com.simple.test.SimpleTestLuisSerratoApplicationTests] from class [org.springframework.boot.test.context.SpringBootTestContextBootstrapper]
17:47:19.077 [Test worker] INFO org.springframework.boot.test.context.SpringBootTestContextBootstrapper - Neither @ContextConfiguration nor @ContextHierarchy found for test class [com.simple.test.SimpleTestLuisSerratoApplicationTests], using SpringBootContextLoader
17:47:19.079 [Test worker] DEBUG org.springframework.test.context.support.AbstractContextLoader - Did not detect default resource location for test class [com.simple.test.SimpleTestLuisSerratoApplicationTests]: class path resource [com/simple/test/SimpleTestLuisSerratoApplicationTests-context.xml] does not exist
17:47:19.081 [Test worker] DEBUG org.springframework.test.context.support.AbstractContextLoader - Did not detect default resource location for test class [com.simple.test.SimpleTestLuisSerratoApplicationTests]: class path resource [com/simple/test/SimpleTestLuisSerratoApplicationTestsContext.groovy] does not exist
17:47:19.081 [Test worker] INFO org.springframework.test.context.support.AbstractContextLoader - Could not detect default resource locations for test class [com.simple.test.SimpleTestLuisSerratoApplicationTests]: no resource found for suffixes {-context.xml, Context.groovy}.
17:47:19.083 [Test worker] INFO org.springframework.test.context.support.AnnotationConfigContextLoaderUtils - Could not detect default configuration classes for test class [com.simple.test.SimpleTestLuisSerratoApplicationTests]: SimpleTestLuisSerratoApplicationTests does not declare any static, non-private, non-final, nested classes annotated with @Configuration.
17:47:19.133 [Test worker] DEBUG org.springframework.test.context.support.ActiveProfilesUtils - Could not find an 'annotation declaring class' for annotation type [org.springframework.test.context.ActiveProfiles] and class [com.simple.test.SimpleTestLuisSerratoApplicationTests]
17:47:19.218 [Test worker] DEBUG org.springframework.context.annotation.ClassPathScanningCandidateComponentProvider - Identified candidate component class: file [C:\Users\usuario\sourceCodeClip\simple-test-luis-serrato\build\classes\java\main\com\simple\test\SimpleTestLuisSerratoApplication.class]
17:47:19.220 [Test worker] INFO org.springframework.boot.test.context.SpringBootTestContextBootstrapper - Found @SpringBootConfiguration com.simple.test.SimpleTestLuisSerratoApplication for test class com.simple.test.SimpleTestLuisSerratoApplicationTests
17:47:19.350 [Test worker] DEBUG org.springframework.boot.test.context.SpringBootTestContextBootstrapper - @TestExecutionListeners is not present for class [com.simple.test.SimpleTestLuisSerratoApplicationTests]: using defaults.
17:47:19.351 [Test worker] INFO org.springframework.boot.test.context.SpringBootTestContextBootstrapper - Loaded default TestExecutionListener class names from location [META-INF/spring.factories]: [org.springframework.boot.test.autoconfigure.restdocs.RestDocsTestExecutionListener, org.springframework.boot.test.autoconfigure.web.client.MockRestServiceServerResetTestExecutionListener, org.springframework.boot.test.autoconfigure.web.servlet.MockMvcPrintOnlyOnFailureTestExecutionListener, org.springframework.boot.test.autoconfigure.web.servlet.WebDriverTestExecutionListener, org.springframework.boot.test.mock.mockito.MockitoTestExecutionListener, org.springframework.boot.test.mock.mockito.ResetMocksTestExecutionListener, org.springframework.test.context.web.ServletTestExecutionListener, org.springframework.test.context.support.DirtiesContextBeforeModesTestExecutionListener, org.springframework.test.context.support.DependencyInjectionTestExecutionListener, org.springframework.test.context.support.DirtiesContextTestExecutionListener, org.springframework.test.context.transaction.TransactionalTestExecutionListener, org.springframework.test.context.jdbc.SqlScriptsTestExecutionListener]
17:47:19.367 [Test worker] DEBUG org.springframework.boot.test.context.SpringBootTestContextBootstrapper - Skipping candidate TestExecutionListener [org.springframework.test.context.transaction.TransactionalTestExecutionListener] due to a missing dependency. Specify custom listener classes or make the default listener classes and their required dependencies available. Offending class: [org/springframework/transaction/interceptor/TransactionAttributeSource]
17:47:19.369 [Test worker] DEBUG org.springframework.boot.test.context.SpringBootTestContextBootstrapper - Skipping candidate TestExecutionListener [org.springframework.test.context.jdbc.SqlScriptsTestExecutionListener] due to a missing dependency. Specify custom listener classes or make the default listener classes and their required dependencies available. Offending class: [org/springframework/transaction/interceptor/TransactionAttribute]
17:47:19.369 [Test worker] INFO org.springframework.boot.test.context.SpringBootTestContextBootstrapper - Using TestExecutionListeners: [org.springframework.test.context.web.ServletTestExecutionListener@80cfb31, org.springframework.test.context.support.DirtiesContextBeforeModesTestExecutionListener@241d776e, org.springframework.boot.test.mock.mockito.MockitoTestExecutionListener@5dd07177, org.springframework.boot.test.autoconfigure.SpringBootDependencyInjectionTestExecutionListener@2ba4fa5, org.springframework.test.context.support.DirtiesContextTestExecutionListener@6d80e9b0, org.springframework.boot.test.autoconfigure.restdocs.RestDocsTestExecutionListener@22e95569, org.springframework.boot.test.autoconfigure.web.client.MockRestServiceServerResetTestExecutionListener@7c6cc38a, org.springframework.boot.test.autoconfigure.web.servlet.MockMvcPrintOnlyOnFailureTestExecutionListener@2c7b7cc5, org.springframework.boot.test.autoconfigure.web.servlet.WebDriverTestExecutionListener@465cdd93, org.springframework.boot.test.mock.mockito.ResetMocksTestExecutionListener@2e769a2c]
17:47:19.371 [Test worker] DEBUG org.springframework.test.annotation.ProfileValueUtils - Retrieved @ProfileValueSourceConfiguration [null] for test class [com.simple.test.SimpleTestLuisSerratoApplicationTests]
17:47:19.373 [Test worker] DEBUG org.springframework.test.annotation.ProfileValueUtils - Retrieved ProfileValueSource type [class org.springframework.test.annotation.SystemProfileValueSource] for class [com.simple.test.SimpleTestLuisSerratoApplicationTests]
17:47:19.374 [Test worker] DEBUG org.springframework.test.annotation.ProfileValueUtils - Retrieved @ProfileValueSourceConfiguration [null] for test class [com.simple.test.SimpleTestLuisSerratoApplicationTests]
17:47:19.375 [Test worker] DEBUG org.springframework.test.annotation.ProfileValueUtils - Retrieved ProfileValueSource type [class org.springframework.test.annotation.SystemProfileValueSource] for class [com.simple.test.SimpleTestLuisSerratoApplicationTests]
17:47:19.379 [Test worker] DEBUG org.springframework.test.context.support.AbstractDirtiesContextTestExecutionListener - Before test class: context [DefaultTestContext@d7b531c testClass = SimpleTestLuisSerratoApplicationTests, testInstance = [null], testMethod = [null], testException = [null], mergedContextConfiguration = [WebMergedContextConfiguration@1376ff02 testClass = SimpleTestLuisSerratoApplicationTests, locations = '{}', classes = '{class com.simple.test.SimpleTestLuisSerratoApplication}', contextInitializerClasses = '[]', activeProfiles = '{}', propertySourceLocations = '{}', propertySourceProperties = '{org.springframework.boot.test.context.SpringBootTestContextBootstrapper=true}', contextCustomizers = set[org.springframework.boot.test.autoconfigure.properties.PropertyMappingContextCustomizer@0, org.springframework.boot.test.autoconfigure.web.servlet.WebDriverContextCustomizerFactory$Customizer@33aae35b, org.springframework.boot.test.context.filter.ExcludeFilterContextCustomizer@16ab9253, org.springframework.boot.test.json.DuplicateJsonObjectContextCustomizerFactory$DuplicateJsonObjectContextCustomizer@49e4ad67, org.springframework.boot.test.mock.mockito.MockitoContextCustomizer@0, org.springframework.boot.test.web.client.TestRestTemplateContextCustomizer@5ea9715e], resourceBasePath = 'src/main/webapp', contextLoader = 'org.springframework.boot.test.context.SpringBootContextLoader', parent = [null]], attributes = map['org.springframework.test.context.web.ServletTestExecutionListener.activateListener' -> true]], class annotated with @DirtiesContext [false] with mode [null].
17:47:19.381 [Test worker] DEBUG org.springframework.test.annotation.ProfileValueUtils - Retrieved @ProfileValueSourceConfiguration [null] for test class [com.simple.test.SimpleTestLuisSerratoApplicationTests]
17:47:19.381 [Test worker] DEBUG org.springframework.test.annotation.ProfileValueUtils - Retrieved ProfileValueSource type [class org.springframework.test.annotation.SystemProfileValueSource] for class [com.simple.test.SimpleTestLuisSerratoApplicationTests]
17:47:19.406 [Test worker] DEBUG org.springframework.test.context.support.TestPropertySourceUtils - Adding inlined properties to environment: {spring.jmx.enabled=false, org.springframework.boot.test.context.SpringBootTestContextBootstrapper=true, server.port=-1}

  .   ____          _            __ _ _
 /\\ / ___'_ __ _ _(_)_ __  __ _ \ \ \ \
( ( )\___ | '_ | '_| | '_ \/ _` | \ \ \ \
 \\/  ___)| |_)| | | | | || (_| |  ) ) ) )
  '  |____| .__|_| |_|_| |_\__, | / / / /
 =========|_|==============|___/=/_/_/_/
 :: Spring Boot ::       (v2.1.16.RELEASE)

2020-08-24 17:47:19.878  INFO 32196 --- [    Test worker] .t.SimpleTestLuisSerratoApplicationTests : Starting SimpleTestLuisSerratoApplicationTests on BADAK-LUIS with PID 32196 (started by usuario in C:\Users\usuario\sourceCodeClip\simple-test-luis-serrato)
2020-08-24 17:47:19.880  INFO 32196 --- [    Test worker] .t.SimpleTestLuisSerratoApplicationTests : No active profile set, falling back to default profiles: default
2020-08-24 17:47:21.751  INFO 32196 --- [    Test worker] o.s.s.concurrent.ThreadPoolTaskExecutor  : Initializing ExecutorService 'applicationTaskExecutor'
2020-08-24 17:47:22.210  INFO 32196 --- [    Test worker] .t.SimpleTestLuisSerratoApplicationTests : Started SimpleTestLuisSerratoApplicationTests in 2.795 seconds (JVM running for 4.114)
]]></system-out>
  <system-err><![CDATA[]]></system-err>
</testsuite>
